  지피티.cpp
C:\Users\OFFICE\Desktop\Basic_Brain_Class\지피티\지피티.cpp(206,18): warning C4244: '초기화 중': '_Rep'에서 'int'(으)로 변환하면서 데이터가 손실될 수 있습니다.
C:\Users\OFFICE\Desktop\Basic_Brain_Class\지피티\지피티.cpp(206,18): warning C4244:         with
C:\Users\OFFICE\Desktop\Basic_Brain_Class\지피티\지피티.cpp(206,18): warning C4244:         [
C:\Users\OFFICE\Desktop\Basic_Brain_Class\지피티\지피티.cpp(206,18): warning C4244:             _Rep=__int64
C:\Users\OFFICE\Desktop\Basic_Brain_Class\지피티\지피티.cpp(206,18): warning C4244:         ]
C:\Users\OFFICE\Desktop\Basic_Brain_Class\지피티\지피티.cpp(237,5): error C2653: 'this_thread': 클래스 또는 네임스페이스 이름이 아닙니다.
C:\Users\OFFICE\Desktop\Basic_Brain_Class\지피티\지피티.cpp(237,18): error C3861: 'sleep_for': 식별자를 찾을 수 없습니다.
C:\Users\OFFICE\Desktop\Basic_Brain_Class\지피티\지피티.cpp(256,18): warning C4244: '초기화 중': '_Rep'에서 'int'(으)로 변환하면서 데이터가 손실될 수 있습니다.
C:\Users\OFFICE\Desktop\Basic_Brain_Class\지피티\지피티.cpp(256,18): warning C4244:         with
C:\Users\OFFICE\Desktop\Basic_Brain_Class\지피티\지피티.cpp(256,18): warning C4244:         [
C:\Users\OFFICE\Desktop\Basic_Brain_Class\지피티\지피티.cpp(256,18): warning C4244:             _Rep=__int64
C:\Users\OFFICE\Desktop\Basic_Brain_Class\지피티\지피티.cpp(256,18): warning C4244:         ]
C:\Users\OFFICE\Desktop\Basic_Brain_Class\지피티\지피티.cpp(284,5): error C2653: 'this_thread': 클래스 또는 네임스페이스 이름이 아닙니다.
C:\Users\OFFICE\Desktop\Basic_Brain_Class\지피티\지피티.cpp(284,18): error C3861: 'sleep_for': 식별자를 찾을 수 없습니다.
C:\Users\OFFICE\Desktop\Basic_Brain_Class\지피티\지피티.cpp(303,18): warning C4244: '초기화 중': '_Rep'에서 'int'(으)로 변환하면서 데이터가 손실될 수 있습니다.
C:\Users\OFFICE\Desktop\Basic_Brain_Class\지피티\지피티.cpp(303,18): warning C4244:         with
C:\Users\OFFICE\Desktop\Basic_Brain_Class\지피티\지피티.cpp(303,18): warning C4244:         [
C:\Users\OFFICE\Desktop\Basic_Brain_Class\지피티\지피티.cpp(303,18): warning C4244:             _Rep=__int64
C:\Users\OFFICE\Desktop\Basic_Brain_Class\지피티\지피티.cpp(303,18): warning C4244:         ]
C:\Users\OFFICE\Desktop\Basic_Brain_Class\지피티\지피티.cpp(331,5): error C2653: 'this_thread': 클래스 또는 네임스페이스 이름이 아닙니다.
C:\Users\OFFICE\Desktop\Basic_Brain_Class\지피티\지피티.cpp(331,18): error C3861: 'sleep_for': 식별자를 찾을 수 없습니다.
