  테스트용.cpp
C:\Users\OFFICE\Desktop\Basic_Brain_Class\테스트용\테스트용.cpp(43,14): warning C4244: '초기화 중': '_Rep'에서 'int'(으)로 변환하면서 데이터가 손실될 수 있습니다.
C:\Users\OFFICE\Desktop\Basic_Brain_Class\테스트용\테스트용.cpp(43,14): warning C4244:         with
C:\Users\OFFICE\Desktop\Basic_Brain_Class\테스트용\테스트용.cpp(43,14): warning C4244:         [
C:\Users\OFFICE\Desktop\Basic_Brain_Class\테스트용\테스트용.cpp(43,14): warning C4244:             _Rep=__int64
C:\Users\OFFICE\Desktop\Basic_Brain_Class\테스트용\테스트용.cpp(43,14): warning C4244:         ]
C:\Users\OFFICE\Desktop\Basic_Brain_Class\테스트용\테스트용.cpp(147,14): warning C4244: '초기화 중': '_Rep'에서 'int'(으)로 변환하면서 데이터가 손실될 수 있습니다.
C:\Users\OFFICE\Desktop\Basic_Brain_Class\테스트용\테스트용.cpp(147,14): warning C4244:         with
C:\Users\OFFICE\Desktop\Basic_Brain_Class\테스트용\테스트용.cpp(147,14): warning C4244:         [
C:\Users\OFFICE\Desktop\Basic_Brain_Class\테스트용\테스트용.cpp(147,14): warning C4244:             _Rep=__int64
C:\Users\OFFICE\Desktop\Basic_Brain_Class\테스트용\테스트용.cpp(147,14): warning C4244:         ]
C:\Users\OFFICE\Desktop\Basic_Brain_Class\테스트용\테스트용.cpp(237,14): warning C4244: '초기화 중': '_Rep'에서 'int'(으)로 변환하면서 데이터가 손실될 수 있습니다.
C:\Users\OFFICE\Desktop\Basic_Brain_Class\테스트용\테스트용.cpp(237,14): warning C4244:         with
C:\Users\OFFICE\Desktop\Basic_Brain_Class\테스트용\테스트용.cpp(237,14): warning C4244:         [
C:\Users\OFFICE\Desktop\Basic_Brain_Class\테스트용\테스트용.cpp(237,14): warning C4244:             _Rep=__int64
C:\Users\OFFICE\Desktop\Basic_Brain_Class\테스트용\테스트용.cpp(237,14): warning C4244:         ]
C:\Users\OFFICE\Desktop\Basic_Brain_Class\테스트용\테스트용.cpp(327,14): warning C4244: '초기화 중': '_Rep'에서 'int'(으)로 변환하면서 데이터가 손실될 수 있습니다.
C:\Users\OFFICE\Desktop\Basic_Brain_Class\테스트용\테스트용.cpp(327,14): warning C4244:         with
C:\Users\OFFICE\Desktop\Basic_Brain_Class\테스트용\테스트용.cpp(327,14): warning C4244:         [
C:\Users\OFFICE\Desktop\Basic_Brain_Class\테스트용\테스트용.cpp(327,14): warning C4244:             _Rep=__int64
C:\Users\OFFICE\Desktop\Basic_Brain_Class\테스트용\테스트용.cpp(327,14): warning C4244:         ]
C:\Users\OFFICE\Desktop\Basic_Brain_Class\테스트용\테스트용.cpp(430,14): warning C4244: '초기화 중': '_Rep'에서 'int'(으)로 변환하면서 데이터가 손실될 수 있습니다.
C:\Users\OFFICE\Desktop\Basic_Brain_Class\테스트용\테스트용.cpp(430,14): warning C4244:         with
C:\Users\OFFICE\Desktop\Basic_Brain_Class\테스트용\테스트용.cpp(430,14): warning C4244:         [
C:\Users\OFFICE\Desktop\Basic_Brain_Class\테스트용\테스트용.cpp(430,14): warning C4244:             _Rep=__int64
C:\Users\OFFICE\Desktop\Basic_Brain_Class\테스트용\테스트용.cpp(430,14): warning C4244:         ]
C:\Users\OFFICE\Desktop\Basic_Brain_Class\테스트용\테스트용.cpp(512,14): warning C4244: '초기화 중': '_Rep'에서 'int'(으)로 변환하면서 데이터가 손실될 수 있습니다.
C:\Users\OFFICE\Desktop\Basic_Brain_Class\테스트용\테스트용.cpp(512,14): warning C4244:         with
C:\Users\OFFICE\Desktop\Basic_Brain_Class\테스트용\테스트용.cpp(512,14): warning C4244:         [
C:\Users\OFFICE\Desktop\Basic_Brain_Class\테스트용\테스트용.cpp(512,14): warning C4244:             _Rep=__int64
C:\Users\OFFICE\Desktop\Basic_Brain_Class\테스트용\테스트용.cpp(512,14): warning C4244:         ]
C:\Users\OFFICE\Desktop\Basic_Brain_Class\테스트용\테스트용.cpp(595,14): warning C4244: '초기화 중': '_Rep'에서 'int'(으)로 변환하면서 데이터가 손실될 수 있습니다.
C:\Users\OFFICE\Desktop\Basic_Brain_Class\테스트용\테스트용.cpp(595,14): warning C4244:         with
C:\Users\OFFICE\Desktop\Basic_Brain_Class\테스트용\테스트용.cpp(595,14): warning C4244:         [
C:\Users\OFFICE\Desktop\Basic_Brain_Class\테스트용\테스트용.cpp(595,14): warning C4244:             _Rep=__int64
C:\Users\OFFICE\Desktop\Basic_Brain_Class\테스트용\테스트용.cpp(595,14): warning C4244:         ]
C:\Users\OFFICE\Desktop\Basic_Brain_Class\테스트용\테스트용.cpp(698,6): warning C4091: '': 변수를 선언하지 않으면 'MiniGame' 왼쪽은 무시됩니다.
C:\Users\OFFICE\Desktop\Basic_Brain_Class\테스트용\테스트용.cpp(746,6): warning C4091: '': 변수를 선언하지 않으면 'MiniGame' 왼쪽은 무시됩니다.
C:\Users\OFFICE\Desktop\Basic_Brain_Class\테스트용\테스트용.cpp(790,6): warning C4091: '': 변수를 선언하지 않으면 'MiniGame' 왼쪽은 무시됩니다.
C:\Users\OFFICE\Desktop\Basic_Brain_Class\테스트용\테스트용.cpp(1093,20): warning C4244: '초기화 중': '_Rep'에서 'int'(으)로 변환하면서 데이터가 손실될 수 있습니다.
C:\Users\OFFICE\Desktop\Basic_Brain_Class\테스트용\테스트용.cpp(1093,20): warning C4244:         with
C:\Users\OFFICE\Desktop\Basic_Brain_Class\테스트용\테스트용.cpp(1093,20): warning C4244:         [
C:\Users\OFFICE\Desktop\Basic_Brain_Class\테스트용\테스트용.cpp(1093,20): warning C4244:             _Rep=__int64
C:\Users\OFFICE\Desktop\Basic_Brain_Class\테스트용\테스트용.cpp(1093,20): warning C4244:         ]
C:\Users\OFFICE\Desktop\Basic_Brain_Class\테스트용\테스트용.cpp(1075,1): warning C4715: 'ArrowGame::ArrowSetting': 모든 제어 경로에서 값을 반환하지는 않습니다.
C:\Users\OFFICE\Desktop\Basic_Brain_Class\테스트용\테스트용.cpp(1065,1): warning C4715: 'ArrowGame::GetArrowKey': 모든 제어 경로에서 값을 반환하지는 않습니다.
  테스트용.vcxproj -> C:\Users\OFFICE\Desktop\Basic_Brain_Class\x64\Debug\테스트용.exe
